
                                      ARENA Simulation Results
                                   João Viktor - License: STUDENT

                                  Sumário para Replicação 1 de 1

Projeto: Unnamed Project                                             Data da execução :11/29/2020
Analista: João Viktor                                                 Data de revisão do modelo:11/29/2020

Replicação terminada no tempo de      : 1279.8 Minutos (Monday, November 23, 2020, 12:29:59)
Unidade de Tempo Base: Minutos

                                           VARIÁVEIS DE REGISTRO

Identificador                                  Média   Meia Largura  Mínimo    Máximo   Observações
___________________________________________________________________________________________________

PecasA.VATime                               39.951     (Insuf)    38.409     41.660        140    
PecasA.NVATime                              .00000     (Insuf)    .00000     .00000        140    
PecasA.WaitTime                             478.18     (Insuf)    12.311     912.07        140    
PecasA.TranTime                             2.5000     (Insuf)    2.5000     2.5000        140    
PecasA.OtherTime                            9.0000     (Insuf)    9.0000     9.0000        140    
PecasA.TotalTime                            529.63     (Insuf)    63.933     964.36        140    
PecasB.VATime                               44.697     (Insuf)    43.832     46.100         10    
PecasB.NVATime                              .00000     (Insuf)    .00000     .00000         10    
PecasB.WaitTime                             404.86     (Insuf)    .00000     865.00         10    
PecasB.TranTime                             2.5000     (Insuf)    2.5000     2.5000         10    
PecasB.OtherTime                            9.0000     (Insuf)    9.0000     9.0000         10    
PecasB.TotalTime                            461.06     (Insuf)    56.377     920.82         10    
Process 8.Queue.WaitingTime                 .40273     (Insuf)    .00000     1.4578        150    
Process 5.Queue.WaitingTime                 .00000     (Insuf)    .00000     .00000        150    
Process 9.Queue.WaitingTime                 .00000     (Insuf)    .00000     .00000        150    
Process 4.Queue.WaitingTime                 26.076     (Insuf)    .00000     83.306        150    
Process 2.Queue.WaitingTime                 198.58     (Insuf)    .00000     290.42        150    
Process 7.Queue.WaitingTime                 68.013     (Insuf)    .00000     225.03        150    
Process 6.Queue.WaitingTime                 .00000     (Insuf)    .00000     .00000        150    
Process 11.Queue.WaitingTime                .00000     (Insuf)    .00000     .00000         10    
Process 10.Queue.WaitingTime                .00000     (Insuf)    .00000     .00000        140    
Process 1.Queue.WaitingTime                 142.82     (Insuf)    .00000     288.90        150    
Process 3.Queue.WaitingTime                 37.396     (Insuf)    .00000     122.95        150    

                                     VARIÁVEIS DISCRETAS

Identificador                                 Média   Meia Largura  Mínimo    Máximo   Valor Final
___________________________________________________________________________________________________

PecasA.WIP                                  57.938     (Insuf)    .00000     122.00     .00000    
PecasB.WIP                                  3.6026     (Insuf)    .00000     7.0000     .00000    
MaquinaA4.NumberBusy                        .29305     (Insuf)    .00000     1.0000     .00000    
MaquinaA4.NumberScheduled                   1.0000     (Insuf)    1.0000     1.0000     1.0000    
MaquinaA4.Utilization                       .29305     (Insuf)    .00000     1.0000     .00000    
MaquinaA2.NumberBusy                        .41007     (Insuf)    .00000     1.0000     .00000    
MaquinaA2.NumberScheduled                   1.0000     (Insuf)    1.0000     1.0000     1.0000    
MaquinaA2.Utilization                       .41007     (Insuf)    .00000     1.0000     .00000    
MaquinaA3.NumberBusy                        .87911     (Insuf)    .00000     1.0000     .00000    
MaquinaA3.NumberScheduled                   1.0000     (Insuf)    1.0000     1.0000     1.0000    
MaquinaA3.Utilization                       .87911     (Insuf)    .00000     1.0000     .00000    
MaquinaA1.NumberBusy                        .46889     (Insuf)    .00000     1.0000     .00000    
MaquinaA1.NumberScheduled                   1.0000     (Insuf)    1.0000     1.0000     1.0000    
MaquinaA1.Utilization                       .46889     (Insuf)    .00000     1.0000     .00000    
MaquinaC1.NumberBusy                        .58591     (Insuf)    .00000     1.0000     .00000    
MaquinaC1.NumberScheduled                   1.0000     (Insuf)    1.0000     1.0000     1.0000    
MaquinaC1.Utilization                       .58591     (Insuf)    .00000     1.0000     .00000    
MaquinaC5.NumberBusy                        .21252     (Insuf)    .00000     1.0000     .00000    
MaquinaC5.NumberScheduled                   1.0000     (Insuf)    1.0000     1.0000     1.0000    
MaquinaC5.Utilization                       .21252     (Insuf)    .00000     1.0000     .00000    
MaquinaB3.NumberBusy                        .40695     (Insuf)    .00000     1.0000     .00000    
MaquinaB3.NumberScheduled                   1.0000     (Insuf)    1.0000     1.0000     1.0000    
MaquinaB3.Utilization                       .40695     (Insuf)    .00000     1.0000     .00000    
MaquinaB2.NumberBusy                        .58558     (Insuf)    .00000     1.0000     .00000    
MaquinaB2.NumberScheduled                   1.0000     (Insuf)    1.0000     1.0000     1.0000    
MaquinaB2.Utilization                       .58558     (Insuf)    .00000     1.0000     .00000    
MaquinaB4.NumberBusy                        .87760     (Insuf)    .00000     1.0000     .00000    
MaquinaB4.NumberScheduled                   1.0000     (Insuf)    1.0000     1.0000     1.0000    
MaquinaB4.Utilization                       .87760     (Insuf)    .00000     1.0000     .00000    
Process 8.Queue.NumberInQueue               .04720     (Insuf)    .00000     1.0000     .00000    
Process 5.Queue.NumberInQueue               .00000     (Insuf)    .00000     .00000     .00000    
Process 9.Queue.NumberInQueue               .00000     (Insuf)    .00000     .00000     .00000    
Process 4.Queue.NumberInQueue               3.0562     (Insuf)    .00000     17.000     .00000    
Process 2.Queue.NumberInQueue               23.274     (Insuf)    .00000     83.000     .00000    
Process 7.Queue.NumberInQueue               7.9715     (Insuf)    .00000     31.000     .00000    
Process 6.Queue.NumberInQueue               .00000     (Insuf)    .00000     .00000     .00000    
Process 11.Queue.NumberInQueue              .00000     (Insuf)    .00000     .00000     .00000    
Process 10.Queue.NumberInQueue              .00000     (Insuf)    .00000     .00000     .00000    
Process 1.Queue.NumberInQueue               16.740     (Insuf)    .00000     83.000     .00000    
Process 3.Queue.NumberInQueue               4.3831     (Insuf)    .00000     31.000     .00000    

                                             RESULTADOS

Identificador                                   Valor
_____________________________________________________________

PecasA.NumberIn                             140.00    
PecasA.NumberOut                            140.00    
PecasB.NumberIn                             10.000    
PecasB.NumberOut                            10.000    
MaquinaA4.NumberSeized                      150.00    
MaquinaA4.ScheduledUtilization              .29305    
MaquinaA2.NumberSeized                      150.00    
MaquinaA2.ScheduledUtilization              .41007    
MaquinaA3.NumberSeized                      150.00    
MaquinaA3.ScheduledUtilization              .87911    
MaquinaA1.NumberSeized                      150.00    
MaquinaA1.ScheduledUtilization              .46889    
MaquinaC1.NumberSeized                      300.00    
MaquinaC1.ScheduledUtilization              .58591    
MaquinaC5.NumberSeized                      150.00    
MaquinaC5.ScheduledUtilization              .21252    
MaquinaB3.NumberSeized                      150.00    
MaquinaB3.ScheduledUtilization              .40695    
MaquinaB2.NumberSeized                      150.00    
MaquinaB2.ScheduledUtilization              .58558    
MaquinaB4.NumberSeized                      150.00    
MaquinaB4.ScheduledUtilization              .87760    
System.NumberOut                            150.00    


Tempo executando a simulação: 0.15 minutos.
Simulação completada.
